 ec_kw0_rmx5_win_2-15
 
 kweight        =       0.000000000
 kmin           =       2.000000000
 kmax           =      15.000000000
 dk             =       0.300000000
 rmin           =       0.000000000
 rmax           =       6.000000000
 dr             =       0.300000000
 chi_square     =    1379.396642721
 chi_reduced    =      37.563549774
 epsilon_k      =       0.000927827
 mychi_square   =      87.427474837
 mychi_reduced  =       0.341513574
 e0_cor         =     -5.00210183 +/-      0.75206377
 alpha          =      0.00212546 +/-      0.00592298
 sigma2         =     -0.00094684 +/-      0.00199264
 s02            =      0.58512319 +/-      0.06005883

ec_kw2_rmx5_win_2-15
 
 kweight        =       2.000000000
  kmin           =       2.000000000
  kmax           =      15.000000000
  dk             =       0.300000000
  rmin           =       0.000000000
  rmax           =       6.000000000
  dr             =       0.300000000
  chi_square     =    5267.158859297
  chi_reduced    =     143.434584260
  epsilon_k      =       0.000927827
  mychi_square   =  101590.749201083
  mychi_reduced  =     396.838864067
  e0_cor         =     -3.28726713 +/-      0.75664080
  alpha          =      0.00001164 +/-      0.00266585
  sigma2         =      0.00156226 +/-      0.00069417
  s02            =      0.75849973 +/-      0.06465865

ec_kw3_rmx5_win_2-15

 kweight        =       3.000000000
 kmin           =       2.000000000
 kmax           =      15.000000000
 dk             =       0.300000000
 rmin           =       0.000000000
 rmax           =       6.000000000
 dr             =       0.300000000
 chi_square     =    3072.925484340
 chi_reduced    =      83.681506687
 epsilon_k      =       0.000927827
 mychi_square   =    15613508.4
 mychi_reduced  =   60990.267337326
 e0_cor         =     -2.75847922 +/-      1.74644590
 alpha          =     -0.00018980 +/-      0.00307803
 sigma2         =      0.00155866 +/-      0.00071048
 s02            =      0.76156166 +/-      0.10699601

ec_kw0_rmx5_win_3.2-15
 
 kweight        =       0.000000000
 kmin           =       3.200000000
 kmax           =      15.000000000
 dk             =       0.300000000
 rmin           =       0.000000000
 rmax           =       6.000000000
 dr             =       0.300000000
 chi_square     =     432.865084202
 chi_reduced    =      13.137729222
 epsilon_k      =       0.000482116
 mychi_square   =      38.090406794
 mychi_reduced  =       0.164182788
 e0_cor         =     -5.47823239 +/-      1.11991529
 alpha          =     -0.00040735 +/-      0.00449157
 sigma2         =      0.00269061 +/-      0.00151333
 s02            =      0.89358851 +/-      0.09014637

ec_kw2_rmx5_win_3.2-15
 
 kweight        =       2.000000000
 kmin           =       3.200000000
 kmax           =      15.000000000
 dk             =       0.300000000
 rmin           =       0.000000000
 rmax           =       6.000000000
 dr             =       0.300000000
 chi_square     =    2245.548612545
 chi_reduced    =      68.153821371
 epsilon_k      =       0.000482116
 mychi_square   =   97513.468738226
 mychi_reduced  =     420.316675596
 e0_cor         =     -1.32937706 +/-      1.19100767
 alpha          =      0.00020092 +/-      0.00307220
 sigma2         =      0.00210881 +/-      0.00070705
 s02            =      0.82173577 +/-      0.07347358

ec_kw3_rmx5_win_3.2-15
 
 kweight        =       3.000000000
 kmin           =       3.200000000
 kmax           =      15.000000000
 dk             =       0.300000000
 rmin           =       0.000000000
 rmax           =       6.000000000
 dr             =       0.300000000
 chi_square     =    2587.808060573
 chi_reduced    =      78.541612200
 epsilon_k      =       0.000482116
 mychi_square   =    15797355.4
 mychi_reduced  =   68092.049278041
 e0_cor         =     -1.96558633 +/-      2.25248683
 alpha          =      0.00002170 +/-      0.00363985
 sigma2         =      0.00169836 +/-      0.00077020
 s02            =      0.78484714 +/-      0.11941474
