 stg_kw0_rmx5_win_2-15
 
 kweight        =       0.000000000
 kmin           =       2.000000000
 kmax           =      15.000000000
 dk             =       0.300000000
 rmin           =       0.000000000
 rmax           =       6.000000000
 dr             =       0.300000000
 chi_square     =    1619.888435068
 chi_reduced    =      44.112590950
 epsilon_k      =       0.000927827
 mychi_square   =     109.886905584
 mychi_reduced  =       0.429245725
 e0_cor         =     -6.12681038 +/-      0.82162512
 alpha          =     -0.00002647 +/-      0.00644320
 sigma2         =     -0.00098348 +/-      0.00215526
 s02            =      0.57300611 +/-      0.06404437

stg_kw2_rmx5_win_2-15
  
  kweight        =       2.000000000
  kmin           =       2.000000000
  kmax           =      15.000000000
  dk             =       0.300000000
  rmin           =       0.000000000
  rmax           =       6.000000000
  dr             =       0.300000000
  chi_square     =    5718.989855818
  chi_reduced    =     155.738787128
  epsilon_k      =       0.000927827
  mychi_square   =  104941.493439507
  mychi_reduced  =     409.927708748
  e0_cor         =     -3.72567293 +/-      0.76135018
  alpha          =     -0.00644084 +/-      0.00273316
  sigma2         =      0.00163542 +/-      0.00072327
  s02            =      0.75391531 +/-      0.06719562

stg_kw3_rmx5_win_2-15
 
 kweight        =       3.000000000
 kmin           =       2.000000000
 kmax           =      15.000000000
 dk             =       0.300000000
 rmin           =       0.000000000
 rmax           =       6.000000000
 dr             =       0.300000000
 chi_square     =    3107.903645067
 chi_reduced    =      84.634027406
 epsilon_k      =       0.000927827
 mychi_square   =    15752521.8
 mychi_reduced  =   61533.288467449
 e0_cor         =     -2.80815071 +/-      1.72269979
 alpha          =      0.00000761 +/-      0.00306853
 sigma2         =      0.00157642 +/-      0.00071451
 s02            =      0.76319256 +/-      0.10781499

stg_kw0_rmx5_win_3.2-15
 
 kweight        =       0.000000000
 kmin           =       3.200000000
 kmax           =      15.000000000
 dk             =       0.300000000
 rmin           =       0.000000000
 rmax           =       6.000000000
 dr             =       0.300000000
 chi_square     =     395.580294637
 chi_reduced    =      12.006112265
 epsilon_k      =       0.000482116
 mychi_square   =      36.105086888
 mychi_reduced  =       0.155625375
 e0_cor         =     -5.32469819 +/-      1.07885663
 alpha          =      0.00009295 +/-      0.00431211
 sigma2         =      0.00294849 +/-      0.00147099
 s02            =      0.91703145 +/-      0.08951612

stg_kw2_rmx5_win_3.2-15
 
 kweight        =       2.000000000
 kmin           =       3.200000000
 kmax           =      15.000000000
 dk             =       0.300000000
 rmin           =       0.000000000
 rmax           =       6.000000000
 dr             =       0.300000000
 chi_square     =    2228.682600813
 chi_reduced    =      67.641927242
 epsilon_k      =       0.000482116
 mychi_square   =   98234.941948063
 mychi_reduced  =     423.426473914
 e0_cor         =     -1.30112031 +/-      1.19339822
 alpha          =      0.00021350 +/-      0.00307634
 sigma2         =      0.00215484 +/-      0.00070727
 s02            =      0.82765817 +/-      0.07377204

stg_kw3_rmx5_win_3.2-15

 kweight        =       3.000000000
 kmin           =       3.200000000
 kmax           =      15.000000000
 dk             =       0.300000000
 rmin           =       0.000000000
 rmax           =       6.000000000
 dr             =       0.300000000
 chi_square     =    2610.616923961
 chi_reduced    =      79.233875638
 epsilon_k      =       0.000482116
 mychi_square   =    15933059.1
 mychi_reduced  =   68676.979014815
 e0_cor         =     -2.03425151 +/-      2.26586398
 alpha          =      0.00001139 +/-      0.00365887
 sigma2         =      0.00171991 +/-      0.00077385
 s02            =      0.78713584 +/-      0.12024148
