 guess (e0_cor=0.0)
 guess (alpha=0.0)
 guess (theta=385)
 guess (s02=1.0)
 path (index=1,feff=feff/feff0001.dat, label=path 1, s02=s02,e0=e0_cor)
 path (1, sigma2=debye(293,max(0,theta)))
 get_path (1, prefix=path1)
 path (1, delr=alpha*path1_reff)
 path (index=2,feff=feff/feff0002.dat, label=path 2, s02=s02,e0=e0_cor)
 path (2, sigma2=debye(293,max(0,theta)))
 get_path (2, prefix=path2)
 path (2, delr=alpha*path2_reff)
 path (index=3,feff=feff/feff0003.dat, label=path 3, s02=s02,e0=e0_cor)
 path (3, sigma2=debye(293,max(0,theta)))
 get_path (3, prefix=path3)
 path (3, delr=alpha*path3_reff)
 path (index=4,feff=feff/feff0004.dat, label=path 4, s02=s02,e0=e0_cor)
 path (4, sigma2=debye(293,max(0,theta)))
 get_path (4, prefix=path4)
 path (4, delr=alpha*path4_reff)
 path (index=5,feff=feff/feff0005.dat, label=path 5, s02=s02,e0=e0_cor)
 path (5, sigma2=debye(293,max(0,theta)))
 get_path (5, prefix=path5)
 path (5, delr=alpha*path5_reff)
 path (index=6,feff=feff/feff0006.dat, label=path 6, s02=s02,e0=e0_cor)
 path (6, sigma2=debye(293,max(0,theta)))
 get_path (6, prefix=path6)
 path (6, delr=alpha*path6_reff)
 path (index=7,feff=feff/feff0007.dat, label=path 7, s02=s02,e0=e0_cor)
 path (7, sigma2=debye(293,max(0,theta)))
 get_path (7, prefix=path7)
 path (7, delr=alpha*path7_reff)
 path (index=8,feff=feff/feff0008.dat, label=path 8, s02=s02,e0=e0_cor)
 path (8, sigma2=debye(293,max(0,theta)))
 get_path (8, prefix=path8)
 path (8, delr=alpha*path8_reff)
 path (index=9,feff=feff/feff0009.dat, label=path 9, s02=s02,e0=e0_cor)
 path (9, sigma2=debye(293,max(0,theta)))
 get_path (9, prefix=path9)
 path (9, delr=alpha*path9_reff)
 path (index=10,feff=feff/feff0010.dat, label=path 10, s02=s02,e0=e0_cor)
 path (10, sigma2=debye(293,max(0,theta)))
 get_path (10, prefix=path10)
 path (10, delr=alpha*path10_reff)
 path (index=11,feff=feff/feff0011.dat, label=path 11, s02=s02,e0=e0_cor)
 path (11, sigma2=debye(293,max(0,theta)))
 get_path (11, prefix=path11)
 path (11, delr=alpha*path11_reff)
 path (index=12,feff=feff/feff0012.dat, label=path 12, s02=s02,e0=e0_cor)
 path (12, sigma2=debye(293,max(0,theta)))
 get_path (12, prefix=path12)
 path (12, delr=alpha*path12_reff)
 path (index=13,feff=feff/feff0013.dat, label=path 13, s02=s02,e0=e0_cor)
 path (13, sigma2=debye(293,max(0,theta)))
 get_path (13, prefix=path13)
 path (13, delr=alpha*path13_reff)
 path (index=14,feff=feff/feff0014.dat, label=path 14, s02=s02,e0=e0_cor)
 path (14, sigma2=debye(293,max(0,theta)))
 get_path (14, prefix=path14)
 path (14, delr=alpha*path14_reff)
 path (index=15,feff=feff/feff0015.dat, label=path 15, s02=s02,e0=e0_cor)
 path (15, sigma2=debye(293,max(0,theta)))
 get_path (15, prefix=path15)
 path (15, delr=alpha*path15_reff)
 path (index=16,feff=feff/feff0016.dat, label=path 16, s02=s02,e0=e0_cor)
 path (16, sigma2=debye(293,max(0,theta)))
 get_path (16, prefix=path16)
 path (16, delr=alpha*path16_reff)
 path (index=17,feff=feff/feff0017.dat, label=path 17, s02=s02,e0=e0_cor)
 path (17, sigma2=debye(293,max(0,theta)))
 get_path (17, prefix=path17)
 path (17, delr=alpha*path17_reff)
 path (index=18,feff=feff/feff0018.dat, label=path 18, s02=s02,e0=e0_cor)
 path (18, sigma2=debye(293,max(0,theta)))
 get_path (18, prefix=path18)
 path (18, delr=alpha*path18_reff)
 path (index=19,feff=feff/feff0019.dat, label=path 19, s02=s02,e0=e0_cor)
 path (19, sigma2=debye(293,max(0,theta)))
 get_path (19, prefix=path19)
 path (19, delr=alpha*path19_reff)
 path (index=20,feff=feff/feff0020.dat, label=path 20, s02=s02,e0=e0_cor)
 path (20, sigma2=debye(293,max(0,theta)))
 get_path (20, prefix=path20)
 path (20, delr=alpha*path20_reff)
 path (index=21,feff=feff/feff0021.dat, label=path 21, s02=s02,e0=e0_cor)
 path (21, sigma2=debye(293,max(0,theta)))
 get_path (21, prefix=path21)
 path (21, delr=alpha*path21_reff)
 path (index=22,feff=feff/feff0022.dat, label=path 22, s02=s02,e0=e0_cor)
 path (22, sigma2=debye(293,max(0,theta)))
 get_path (22, prefix=path22)
 path (22, delr=alpha*path22_reff)
 path (index=23,feff=feff/feff0023.dat, label=path 23, s02=s02,e0=e0_cor)
 path (23, sigma2=debye(293,max(0,theta)))
 get_path (23, prefix=path23)
 path (23, delr=alpha*path23_reff)
 path (index=24,feff=feff/feff0024.dat, label=path 24, s02=s02,e0=e0_cor)
 path (24, sigma2=debye(293,max(0,theta)))
 get_path (24, prefix=path24)
 path (24, delr=alpha*path24_reff)
 path (index=25,feff=feff/feff0025.dat, label=path 25, s02=s02,e0=e0_cor)
 path (25, sigma2=debye(293,max(0,theta)))
 get_path (25, prefix=path25)
 path (25, delr=alpha*path25_reff)
 path (index=26,feff=feff/feff0026.dat, label=path 26, s02=s02,e0=e0_cor)
 path (26, sigma2=debye(293,max(0,theta)))
 get_path (26, prefix=path26)
 path (26, delr=alpha*path26_reff)
 path (index=27,feff=feff/feff0027.dat, label=path 27, s02=s02,e0=e0_cor)
 path (27, sigma2=debye(293,max(0,theta)))
 get_path (27, prefix=path27)
 path (27, delr=alpha*path27_reff)
 path (index=28,feff=feff/feff0028.dat, label=path 28, s02=s02,e0=e0_cor)
 path (28, sigma2=debye(293,max(0,theta)))
 get_path (28, prefix=path28)
 path (28, delr=alpha*path28_reff)
 path (index=29,feff=feff/feff0029.dat, label=path 29, s02=s02,e0=e0_cor)
 path (29, sigma2=debye(293,max(0,theta)))
 get_path (29, prefix=path29)
 path (29, delr=alpha*path29_reff)
 path (index=30,feff=feff/feff0030.dat, label=path 30, s02=s02,e0=e0_cor)
 path (30, sigma2=debye(293,max(0,theta)))
 get_path (30, prefix=path30)
 path (30, delr=alpha*path30_reff)
 path (index=31,feff=feff/feff0031.dat, label=path 31, s02=s02,e0=e0_cor)
 path (31, sigma2=debye(293,max(0,theta)))
 get_path (31, prefix=path31)
 path (31, delr=alpha*path31_reff)
 path (index=32,feff=feff/feff0032.dat, label=path 32, s02=s02,e0=e0_cor)
 path (32, sigma2=debye(293,max(0,theta)))
 get_path (32, prefix=path32)
 path (32, delr=alpha*path32_reff)
 path (index=33,feff=feff/feff0033.dat, label=path 33, s02=s02,e0=e0_cor)
 path (33, sigma2=debye(293,max(0,theta)))
 get_path (33, prefix=path33)
 path (33, delr=alpha*path33_reff)
 path (index=34,feff=feff/feff0034.dat, label=path 34, s02=s02,e0=e0_cor)
 path (34, sigma2=debye(293,max(0,theta)))
 get_path (34, prefix=path34)
 path (34, delr=alpha*path34_reff)
 path (index=35,feff=feff/feff0035.dat, label=path 35, s02=s02,e0=e0_cor)
 path (35, sigma2=debye(293,max(0,theta)))
 get_path (35, prefix=path35)
 path (35, delr=alpha*path35_reff)
 path (index=36,feff=feff/feff0036.dat, label=path 36, s02=s02,e0=e0_cor)
 path (36, sigma2=debye(293,max(0,theta)))
 get_path (36, prefix=path36)
 path (36, delr=alpha*path36_reff)
 path (index=37,feff=feff/feff0037.dat, label=path 37, s02=s02,e0=e0_cor)
 path (37, sigma2=debye(293,max(0,theta)))
 get_path (37, prefix=path37)
 path (37, delr=alpha*path37_reff)
 path (index=38,feff=feff/feff0038.dat, label=path 38, s02=s02,e0=e0_cor)
 path (38, sigma2=debye(293,max(0,theta)))
 get_path (38, prefix=path38)
 path (38, delr=alpha*path38_reff)
 path (index=39,feff=feff/feff0039.dat, label=path 39, s02=s02,e0=e0_cor)
 path (39, sigma2=debye(293,max(0,theta)))
 get_path (39, prefix=path39)
 path (39, delr=alpha*path39_reff)
 path (index=40,feff=feff/feff0040.dat, label=path 40, s02=s02,e0=e0_cor)
 path (40, sigma2=debye(293,max(0,theta)))
 get_path (40, prefix=path40)
 path (40, delr=alpha*path40_reff)
 path (index=41,feff=feff/feff0041.dat, label=path 41, s02=s02,e0=e0_cor)
 path (41, sigma2=debye(293,max(0,theta)))
 get_path (41, prefix=path41)
 path (41, delr=alpha*path41_reff)
 path (index=42,feff=feff/feff0042.dat, label=path 42, s02=s02,e0=e0_cor)
 path (42, sigma2=debye(293,max(0,theta)))
 get_path (42, prefix=path42)
 path (42, delr=alpha*path42_reff)
 path (index=43,feff=feff/feff0043.dat, label=path 43, s02=s02,e0=e0_cor)
 path (43, sigma2=debye(293,max(0,theta)))
 get_path (43, prefix=path43)
 path (43, delr=alpha*path43_reff)
 path (index=44,feff=feff/feff0044.dat, label=path 44, s02=s02,e0=e0_cor)
 path (44, sigma2=debye(293,max(0,theta)))
 get_path (44, prefix=path44)
 path (44, delr=alpha*path44_reff)
 path (index=45,feff=feff/feff0045.dat, label=path 45, s02=s02,e0=e0_cor)
 path (45, sigma2=debye(293,max(0,theta)))
 get_path (45, prefix=path45)
 path (45, delr=alpha*path45_reff)
 path (index=46,feff=feff/feff0046.dat, label=path 46, s02=s02,e0=e0_cor)
 path (46, sigma2=debye(293,max(0,theta)))
 get_path (46, prefix=path46)
 path (46, delr=alpha*path46_reff)
 path (index=47,feff=feff/feff0047.dat, label=path 47, s02=s02,e0=e0_cor)
 path (47, sigma2=debye(293,max(0,theta)))
 get_path (47, prefix=path47)
 path (47, delr=alpha*path47_reff)
 path (index=48,feff=feff/feff0048.dat, label=path 48, s02=s02,e0=e0_cor)
 path (48, sigma2=debye(293,max(0,theta)))
 get_path (48, prefix=path48)
 path (48, delr=alpha*path48_reff)
 path (index=49,feff=feff/feff0049.dat, label=path 49, s02=s02,e0=e0_cor)
 path (49, sigma2=debye(293,max(0,theta)))
 get_path (49, prefix=path49)
 path (49, delr=alpha*path49_reff)
 path (index=50,feff=feff/feff0050.dat, label=path 50, s02=s02,e0=e0_cor)
 path (50, sigma2=debye(293,max(0,theta)))
 get_path (50, prefix=path50)
 path (50, delr=alpha*path50_reff)
 path (index=51,feff=feff/feff0051.dat, label=path 51, s02=s02,e0=e0_cor)
 path (51, sigma2=debye(293,max(0,theta)))
 get_path (51, prefix=path51)
 path (51, delr=alpha*path51_reff)
 path (index=52,feff=feff/feff0052.dat, label=path 52, s02=s02,e0=e0_cor)
 path (52, sigma2=debye(293,max(0,theta)))
 get_path (52, prefix=path52)
 path (52, delr=alpha*path52_reff)
 path (index=53,feff=feff/feff0053.dat, label=path 53, s02=s02,e0=e0_cor)
 path (53, sigma2=debye(293,max(0,theta)))
 get_path (53, prefix=path53)
 path (53, delr=alpha*path53_reff)
 path (index=54,feff=feff/feff0054.dat, label=path 54, s02=s02,e0=e0_cor)
 path (54, sigma2=debye(293,max(0,theta)))
 get_path (54, prefix=path54)
 path (54, delr=alpha*path54_reff)
 path (index=55,feff=feff/feff0055.dat, label=path 55, s02=s02,e0=e0_cor)
 path (55, sigma2=debye(293,max(0,theta)))
 get_path (55, prefix=path55)
 path (55, delr=alpha*path55_reff)
 path (index=56,feff=feff/feff0056.dat, label=path 56, s02=s02,e0=e0_cor)
 path (56, sigma2=debye(293,max(0,theta)))
 get_path (56, prefix=path56)
 path (56, delr=alpha*path56_reff)
 path (index=57,feff=feff/feff0057.dat, label=path 57, s02=s02,e0=e0_cor)
 path (57, sigma2=debye(293,max(0,theta)))
 get_path (57, prefix=path57)
 path (57, delr=alpha*path57_reff)
 path (index=58,feff=feff/feff0058.dat, label=path 58, s02=s02,e0=e0_cor)
 path (58, sigma2=debye(293,max(0,theta)))
 get_path (58, prefix=path58)
 path (58, delr=alpha*path58_reff)
 path (index=59,feff=feff/feff0059.dat, label=path 59, s02=s02,e0=e0_cor)
 path (59, sigma2=debye(293,max(0,theta)))
 get_path (59, prefix=path59)
 path (59, delr=alpha*path59_reff)
 path (index=60,feff=feff/feff0060.dat, label=path 60, s02=s02,e0=e0_cor)
 path (60, sigma2=debye(293,max(0,theta)))
 get_path (60, prefix=path60)
 path (60, delr=alpha*path60_reff)
 path (index=61,feff=feff/feff0061.dat, label=path 61, s02=s02,e0=e0_cor)
 path (61, sigma2=debye(293,max(0,theta)))
 get_path (61, prefix=path61)
 path (61, delr=alpha*path61_reff)
 path (index=62,feff=feff/feff0062.dat, label=path 62, s02=s02,e0=e0_cor)
 path (62, sigma2=debye(293,max(0,theta)))
 get_path (62, prefix=path62)
 path (62, delr=alpha*path62_reff)
 path (index=63,feff=feff/feff0063.dat, label=path 63, s02=s02,e0=e0_cor)
 path (63, sigma2=debye(293,max(0,theta)))
 get_path (63, prefix=path63)
 path (63, delr=alpha*path63_reff)
 path (index=64,feff=feff/feff0064.dat, label=path 64, s02=s02,e0=e0_cor)
 path (64, sigma2=debye(293,max(0,theta)))
 get_path (64, prefix=path64)
 path (64, delr=alpha*path64_reff)
 path (index=65,feff=feff/feff0065.dat, label=path 65, s02=s02,e0=e0_cor)
 path (65, sigma2=debye(293,max(0,theta)))
 get_path (65, prefix=path65)
 path (65, delr=alpha*path65_reff)
 path (index=66,feff=feff/feff0066.dat, label=path 66, s02=s02,e0=e0_cor)
 path (66, sigma2=debye(293,max(0,theta)))
 get_path (66, prefix=path66)
 path (66, delr=alpha*path66_reff)
 path (index=67,feff=feff/feff0067.dat, label=path 67, s02=s02,e0=e0_cor)
 path (67, sigma2=debye(293,max(0,theta)))
 get_path (67, prefix=path67)
 path (67, delr=alpha*path67_reff)
 path (index=68,feff=feff/feff0068.dat, label=path 68, s02=s02,e0=e0_cor)
 path (68, sigma2=debye(293,max(0,theta)))
 get_path (68, prefix=path68)
 path (68, delr=alpha*path68_reff)
 path (index=69,feff=feff/feff0069.dat, label=path 69, s02=s02,e0=e0_cor)
 path (69, sigma2=debye(293,max(0,theta)))
 get_path (69, prefix=path69)
 path (69, delr=alpha*path69_reff)
 path (index=70,feff=feff/feff0070.dat, label=path 70, s02=s02,e0=e0_cor)
 path (70, sigma2=debye(293,max(0,theta)))
 get_path (70, prefix=path70)
 path (70, delr=alpha*path70_reff)
 path (index=71,feff=feff/feff0071.dat, label=path 71, s02=s02,e0=e0_cor)
 path (71, sigma2=debye(293,max(0,theta)))
 get_path (71, prefix=path71)
 path (71, delr=alpha*path71_reff)
 path (index=72,feff=feff/feff0072.dat, label=path 72, s02=s02,e0=e0_cor)
 path (72, sigma2=debye(293,max(0,theta)))
 get_path (72, prefix=path72)
 path (72, delr=alpha*path72_reff)
 path (index=73,feff=feff/feff0073.dat, label=path 73, s02=s02,e0=e0_cor)
 path (73, sigma2=debye(293,max(0,theta)))
 get_path (73, prefix=path73)
 path (73, delr=alpha*path73_reff)
 path (index=74,feff=feff/feff0074.dat, label=path 74, s02=s02,e0=e0_cor)
 path (74, sigma2=debye(293,max(0,theta)))
 get_path (74, prefix=path74)
 path (74, delr=alpha*path74_reff)
 path (index=75,feff=feff/feff0075.dat, label=path 75, s02=s02,e0=e0_cor)
 path (75, sigma2=debye(293,max(0,theta)))
 get_path (75, prefix=path75)
 path (75, delr=alpha*path75_reff)
 path (index=76,feff=feff/feff0076.dat, label=path 76, s02=s02,e0=e0_cor)
 path (76, sigma2=debye(293,max(0,theta)))
 get_path (76, prefix=path76)
 path (76, delr=alpha*path76_reff)
 path (index=77,feff=feff/feff0077.dat, label=path 77, s02=s02,e0=e0_cor)
 path (77, sigma2=debye(293,max(0,theta)))
 get_path (77, prefix=path77)
 path (77, delr=alpha*path77_reff)
 path (index=78,feff=feff/feff0078.dat, label=path 78, s02=s02,e0=e0_cor)
 path (78, sigma2=debye(293,max(0,theta)))
 get_path (78, prefix=path78)
 path (78, delr=alpha*path78_reff)
 path (index=79,feff=feff/feff0079.dat, label=path 79, s02=s02,e0=e0_cor)
 path (79, sigma2=debye(293,max(0,theta)))
 get_path (79, prefix=path79)
 path (79, delr=alpha*path79_reff)
 path (index=80,feff=feff/feff0080.dat, label=path 80, s02=s02,e0=e0_cor)
 path (80, sigma2=debye(293,max(0,theta)))
 get_path (80, prefix=path80)
 path (80, delr=alpha*path80_reff)
 path (index=81,feff=feff/feff0081.dat, label=path 81, s02=s02,e0=e0_cor)
 path (81, sigma2=debye(293,max(0,theta)))
 get_path (81, prefix=path81)
 path (81, delr=alpha*path81_reff)
 path (index=82,feff=feff/feff0082.dat, label=path 82, s02=s02,e0=e0_cor)
 path (82, sigma2=debye(293,max(0,theta)))
 get_path (82, prefix=path82)
 path (82, delr=alpha*path82_reff)
 path (index=83,feff=feff/feff0083.dat, label=path 83, s02=s02,e0=e0_cor)
 path (83, sigma2=debye(293,max(0,theta)))
 get_path (83, prefix=path83)
 path (83, delr=alpha*path83_reff)
 path (index=84,feff=feff/feff0084.dat, label=path 84, s02=s02,e0=e0_cor)
 path (84, sigma2=debye(293,max(0,theta)))
 get_path (84, prefix=path84)
 path (84, delr=alpha*path84_reff)
 path (index=85,feff=feff/feff0085.dat, label=path 85, s02=s02,e0=e0_cor)
 path (85, sigma2=debye(293,max(0,theta)))
 get_path (85, prefix=path85)
 path (85, delr=alpha*path85_reff)
 path (index=86,feff=feff/feff0086.dat, label=path 86, s02=s02,e0=e0_cor)
 path (86, sigma2=debye(293,max(0,theta)))
 get_path (86, prefix=path86)
 path (86, delr=alpha*path86_reff)
 path (index=87,feff=feff/feff0087.dat, label=path 87, s02=s02,e0=e0_cor)
 path (87, sigma2=debye(293,max(0,theta)))
 get_path (87, prefix=path87)
 path (87, delr=alpha*path87_reff)
 path (index=88,feff=feff/feff0088.dat, label=path 88, s02=s02,e0=e0_cor)
 path (88, sigma2=debye(293,max(0,theta)))
 get_path (88, prefix=path88)
 path (88, delr=alpha*path88_reff)
 path (index=89,feff=feff/feff0089.dat, label=path 89, s02=s02,e0=e0_cor)
 path (89, sigma2=debye(293,max(0,theta)))
 get_path (89, prefix=path89)
 path (89, delr=alpha*path89_reff)
 path (index=90,feff=feff/feff0090.dat, label=path 90, s02=s02,e0=e0_cor)
 path (90, sigma2=debye(293,max(0,theta)))
 get_path (90, prefix=path90)
 path (90, delr=alpha*path90_reff)
 path (index=91,feff=feff/feff0091.dat, label=path 91, s02=s02,e0=e0_cor)
 path (91, sigma2=debye(293,max(0,theta)))
 get_path (91, prefix=path91)
 path (91, delr=alpha*path91_reff)
 path (index=92,feff=feff/feff0092.dat, label=path 92, s02=s02,e0=e0_cor)
 path (92, sigma2=debye(293,max(0,theta)))
 get_path (92, prefix=path92)
 path (92, delr=alpha*path92_reff)
 path (index=93,feff=feff/feff0093.dat, label=path 93, s02=s02,e0=e0_cor)
 path (93, sigma2=debye(293,max(0,theta)))
 get_path (93, prefix=path93)
 path (93, delr=alpha*path93_reff)
 path (index=94,feff=feff/feff0094.dat, label=path 94, s02=s02,e0=e0_cor)
 path (94, sigma2=debye(293,max(0,theta)))
 get_path (94, prefix=path94)
 path (94, delr=alpha*path94_reff)
 path (index=95,feff=feff/feff0095.dat, label=path 95, s02=s02,e0=e0_cor)
 path (95, sigma2=debye(293,max(0,theta)))
 get_path (95, prefix=path95)
 path (95, delr=alpha*path95_reff)
 path (index=96,feff=feff/feff0096.dat, label=path 96, s02=s02,e0=e0_cor)
 path (96, sigma2=debye(293,max(0,theta)))
 get_path (96, prefix=path96)
 path (96, delr=alpha*path96_reff)
 path (index=97,feff=feff/feff0097.dat, label=path 97, s02=s02,e0=e0_cor)
 path (97, sigma2=debye(293,max(0,theta)))
 get_path (97, prefix=path97)
 path (97, delr=alpha*path97_reff)
 path (index=98,feff=feff/feff0098.dat, label=path 98, s02=s02,e0=e0_cor)
 path (98, sigma2=debye(293,max(0,theta)))
 get_path (98, prefix=path98)
 path (98, delr=alpha*path98_reff)
 path (index=99,feff=feff/feff0099.dat, label=path 99, s02=s02,e0=e0_cor)
 path (99, sigma2=debye(293,max(0,theta)))
 get_path (99, prefix=path99)
 path (99, delr=alpha*path99_reff)
 read_data (file=data/chi_v_k.dat,group=mudata)
 def (kmax = ceil(mudata.k)+0.2)
 def (kmin = floor(mudata.k)-0.2)
 def ($fit_space='k')
 def (kweight=         0.000000000)
 def (kmin   =         0.228184300)
 def (kmax   =        36.351247000)
 def (dk     =         0.000000000)
 def (rmin   =         1.600000000)
 def (rmax   =         5.300000000)
 def (dr     =         0.300000000)
 show (kweight)
 show (kmin)
 show (kmax)
 show (dk)
 show (rmin)
 show (rmax)
 show (dr)
 def (do_bkg=true)
 def (res1 = abs(min(theta,0))^16)
 feffit2 (1-99, k=mudata.k, chi=mudata.chi, dchi=mudata.dchi, group=fit, restraint=res1)
 show (@variables)
 show (chi_square, chi_reduced, r_factor)
 show (epsilon_k, epsilon_r, n_idp, n_varys)
 show (&fit_iteration)
 def (xmin_k=0.95*(kmin-dk))
 def (xmax_k=1.05*(kmax+dk))
 def (mudata.win = fit.win)
 newplot (mudata.k, mudata.chik_w, color=blue, title='k\uk_weight\d\gx(k)(windowed) vs k', ylabel='k\uk_weight\d\gx(k)',xmin=xmin_k, xmax=xmax_k, xlabel=' k (\A\u-1\d) ', style=solid)
 plot (fit.k,fit.chik_w, color=red, style=dashed)
 newplot (mudata.k,mudata.chi,xmin=0, title='\gx(k) vs k', xmin=0,xmax=xmax_k+2,ymin=-0.15,ymax=0.15, ylabel='\gx(k)', xlabel=' k (\A\u-1\d) ', style=solid)
 plot (fit.k, fit.chi, style=dashed)
 plot (device="/cps",file="fit.ps")
 def (e0_final=e0+e0_cor)
 show (kweight)
 log (file=variables.out)
 def (&screen_echo=2)
 show (kweight, kmin, kmax, dk)
 show (rmin, rmax, dr)
 show (chi_square, chi_reduced)
 show (epsilon_k)
 show (mychi_square, mychi_reduced)
 show (@variables)
 log (close)
 def (&screen_echo=0)
