This file contains any messages produced by compilers while
running configure, to aid debugging if configure makes a mistake.

It was created by ifeffit configure 1.2.2, which was
generated by GNU Autoconf 2.53.  Invocation command line was

  $ ./configure 

## --------- ##
## Platform. ##
## --------- ##

hostname = paul-fitting-desk
uname -m = x86_64
uname -r = 4.15.0-142-generic
uname -s = Linux
uname -v = #146~16.04.1-Ubuntu SMP Tue Apr 13 09:27:15 UTC 2021

/usr/bin/uname -p = unknown
/bin/uname -X     = unknown

/bin/arch              = unknown
/usr/bin/arch -k       = unknown
/usr/convex/getsysinfo = unknown
hostinfo               = unknown
/bin/machine           = unknown
/usr/bin/oslevel       = unknown
/bin/universe          = unknown

PATH: /usr/local/sbin
PATH: /usr/local/bin
PATH: /usr/sbin
PATH: /usr/bin
PATH: /sbin
PATH: /bin
PATH: /snap/bin


## ----------- ##
## Core tests. ##
## ----------- ##

configure:1229: checking for a BSD-compatible install
configure:1283: result: /usr/bin/install -c
configure:1294: checking whether build environment is sane
configure:1337: result: yes
configure:1370: checking for gawk
configure:1399: result: no
configure:1370: checking for mawk
configure:1386: found /usr/bin/mawk
configure:1396: result: mawk
configure:1406: checking whether make sets ${MAKE}
configure:1426: result: yes
configure:1623: checking for cc
configure:1639: found /usr/bin/cc
configure:1649: result: cc
configure:1668: checking for C compiler version
configure:1671: cc --version </dev/null >&5
cc (Ubuntu 5.4.0-6ubuntu1~16.04.12) 5.4.0 20160609
Copyright (C) 2015 Free Software Foundation, Inc.
This is free software; see the source for copying conditions.  There is NO
warranty; not even for MERCHANTABILITY or FITNESS FOR A PARTICULAR PURPOSE.

configure:1674: $? = 0
configure:1676: cc -v </dev/null >&5
Using built-in specs.
COLLECT_GCC=cc
COLLECT_LTO_WRAPPER=/usr/lib/gcc/x86_64-linux-gnu/5/lto-wrapper
Target: x86_64-linux-gnu
Configured with: ../src/configure -v --with-pkgversion='Ubuntu 5.4.0-6ubuntu1~16.04.12' --with-bugurl=file:///usr/share/doc/gcc-5/README.Bugs --enable-languages=c,ada,c++,java,go,d,fortran,objc,obj-c++ --prefix=/usr --program-suffix=-5 --enable-shared --enable-linker-build-id --libexecdir=/usr/lib --without-included-gettext --enable-threads=posix --libdir=/usr/lib --enable-nls --with-sysroot=/ --enable-clocale=gnu --enable-libstdcxx-debug --enable-libstdcxx-time=yes --with-default-libstdcxx-abi=new --enable-gnu-unique-object --disable-vtable-verify --enable-libmpx --enable-plugin --with-system-zlib --disable-browser-plugin --enable-java-awt=gtk --enable-gtk-cairo --with-java-home=/usr/lib/jvm/java-1.5.0-gcj-5-amd64/jre --enable-java-home --with-jvm-root-dir=/usr/lib/jvm/java-1.5.0-gcj-5-amd64 --with-jvm-jar-dir=/usr/lib/jvm-exports/java-1.5.0-gcj-5-amd64 --with-arch-directory=amd64 --with-ecj-jar=/usr/share/java/eclipse-ecj.jar --enable-objc-gc --enable-multiarch --disable-werror --with-arch-32=i686 --with-abi=m64 --with-multilib-list=m32,m64,mx32 --enable-multilib --with-tune=generic --enable-checking=release --build=x86_64-linux-gnu --host=x86_64-linux-gnu --target=x86_64-linux-gnu
Thread model: posix
gcc version 5.4.0 20160609 (Ubuntu 5.4.0-6ubuntu1~16.04.12) 
configure:1679: $? = 0
configure:1681: cc -V </dev/null >&5
cc: error: unrecognized command line option '-V'
cc: fatal error: no input files
compilation terminated.
configure:1684: $? = 1
configure:1710: checking for C compiler default output
configure:1713: cc    conftest.c  >&5
configure:1716: $? = 0
configure:1749: result: a.out
configure:1754: checking whether the C compiler works
configure:1760: ./a.out
configure:1763: $? = 0
configure:1778: result: yes
configure:1785: checking whether we are cross compiling
configure:1787: result: no
configure:1790: checking for suffix of executables
configure:1792: cc -o conftest    conftest.c  >&5
configure:1795: $? = 0
configure:1817: result: 
configure:1823: checking for suffix of object files
configure:1847: cc -c   conftest.c >&5
configure:1850: $? = 0
configure:1869: result: o
configure:1873: checking whether we are using the GNU C compiler
configure:1900: cc -c   conftest.c >&5
configure:1903: $? = 0
configure:1906: test -s conftest.o
configure:1909: $? = 0
configure:1921: result: yes
configure:1927: checking whether cc accepts -g
configure:1951: cc -c -g  conftest.c >&5
configure:1954: $? = 0
configure:1957: test -s conftest.o
configure:1960: $? = 0
configure:1970: result: yes
configure:1997: cc -c -g -O2  conftest.c >&5
conftest.c:2:3: error: unknown type name 'choke'
   choke me
   ^
conftest.c:2:3: error: expected '=', ',', ';', 'asm' or '__attribute__' at end of input
configure:2000: $? = 1
configure: failed program was:
#ifndef __cplusplus
  choke me
#endif
configure:2129: checking for style of include used by make
configure:2157: result: GNU
configure:2185: checking dependency style of cc
configure:2247: result: none
configure:2257: checking how to run the C preprocessor
configure:2283: cc -E  conftest.c
configure:2289: $? = 0
configure:2316: cc -E  conftest.c
configure:2312:28: fatal error: ac_nonexistent.h: No such file or directory
compilation terminated.
configure:2322: $? = 1
configure: failed program was:
#line 2311 "configure"
#include "confdefs.h"
#include <ac_nonexistent.h>
configure:2359: result: cc -E
configure:2374: cc -E  conftest.c
configure:2380: $? = 0
configure:2407: cc -E  conftest.c
configure:2403:28: fatal error: ac_nonexistent.h: No such file or directory
compilation terminated.
configure:2413: $? = 1
configure: failed program was:
#line 2402 "configure"
#include "confdefs.h"
#include <ac_nonexistent.h>
configure:2503: checking for g77
configure:2519: found /usr/bin/g77
configure:2529: result: g77
configure:2544: checking for Fortran 77 compiler version
configure:2547: g77 --version </dev/null >&5
GNU Fortran (GCC) 3.4.6 (Ubuntu 3.4.6-6ubuntu5)
Copyright (C) 2006 Free Software Foundation, Inc.

GNU Fortran comes with NO WARRANTY, to the extent permitted by law.
You may redistribute copies of GNU Fortran
under the terms of the GNU General Public License.
For more information about these matters, see the file named COPYING
or type the command `info -f g77 Copying'.
configure:2550: $? = 0
configure:2552: g77 -v </dev/null >&5
Reading specs from /usr/lib/gcc/x86_64-linux-gnu/3.4.6/specs
Configured with: ../src/configure -v --enable-languages=c,c++,f77,pascal --prefix=/usr --libexecdir=/usr/lib --with-gxx-include-dir=/usr/include/c++/3.4 --enable-shared --with-system-zlib --enable-nls --without-included-gettext --program-suffix=-3.4 --enable-__cxa_atexit --enable-clocale=gnu --enable-libstdcxx-debug x86_64-linux-gnu
Thread model: posix
gcc version 3.4.6 (Ubuntu 3.4.6-6ubuntu5)
configure:2555: $? = 0
configure:2557: g77 -V </dev/null >&5
g77: `-V' option must have argument
configure:2560: $? = 1
configure:2567: checking whether we are using the GNU Fortran 77 compiler
configure:2581: g77 -c  conftest.F >&5
configure:2584: $? = 0
configure:2587: test -s conftest.o
configure:2590: $? = 0
configure:2602: result: yes
configure:2609: checking whether g77 accepts -g
configure:2621: g77 -c -g conftest.f >&5
configure:2624: $? = 0
configure:2627: test -s conftest.o
configure:2630: $? = 0
configure:2641: result: yes
configure:2669: checking how to get verbose linking output from g77
configure:2681: g77 -c -g -O2 conftest.f >&5
configure:2684: $? = 0
configure:2687: test -s conftest.o
configure:2690: $? = 0
configure:2712: g77 -o conftest -g -O2 -v  conftest.f  >&5
Reading specs from /usr/lib/gcc/x86_64-linux-gnu/3.4.6/specs
Configured with: ../src/configure -v --enable-languages=c,c++,f77,pascal --prefix=/usr --libexecdir=/usr/lib --with-gxx-include-dir=/usr/include/c++/3.4 --enable-shared --with-system-zlib --enable-nls --without-included-gettext --program-suffix=-3.4 --enable-__cxa_atexit --enable-clocale=gnu --enable-libstdcxx-debug x86_64-linux-gnu
Thread model: posix
gcc version 3.4.6 (Ubuntu 3.4.6-6ubuntu5)
 /usr/lib/gcc/x86_64-linux-gnu/3.4.6/f771 conftest.f -quiet -dumpbase conftest.f -mtune=k8 -auxbase conftest -g -O2 -version -o /tmp/cc3WJNnT.s
GNU F77 version 3.4.6 (Ubuntu 3.4.6-6ubuntu5) (x86_64-linux-gnu)
	compiled by GNU C version 3.4.6 (Ubuntu 3.4.6-6ubuntu5).
GGC heuristics: --param ggc-min-expand=100 --param ggc-min-heapsize=131072
 as --traditional-format -V -Qy --64 -o /tmp/ccwiklYC.o /tmp/cc3WJNnT.s
GNU assembler version 2.26.1 (x86_64-linux-gnu) using BFD version (GNU Binutils for Ubuntu) 2.26.1
 /usr/lib/gcc/x86_64-linux-gnu/3.4.6/collect2 --eh-frame-hdr -m elf_x86_64 -dynamic-linker /lib64/ld-linux-x86-64.so.2 -o conftest /usr/lib/gcc/x86_64-linux-gnu/3.4.6/../../../../lib/crt1.o /usr/lib/gcc/x86_64-linux-gnu/3.4.6/../../../../lib/crti.o /usr/lib/gcc/x86_64-linux-gnu/3.4.6/crtbegin.o -L/usr/lib/gcc/x86_64-linux-gnu/3.4.6 -L/usr/lib/gcc/x86_64-linux-gnu/3.4.6 -L/usr/lib/gcc/x86_64-linux-gnu/3.4.6/../../../../lib -L/usr/lib/gcc/x86_64-linux-gnu/3.4.6/../../.. -L/lib/../lib -L/usr/lib/../lib /tmp/ccwiklYC.o -lfrtbegin -lg2c -lm -lgcc_s -lgcc -lc -lgcc_s -lgcc /usr/lib/gcc/x86_64-linux-gnu/3.4.6/crtend.o /usr/lib/gcc/x86_64-linux-gnu/3.4.6/../../../../lib/crtn.o
configure:2763: result: -v
configure:2765: checking for Fortran 77 libraries
configure:2791: g77 -o conftest -g -O2 -v  conftest.f  >&5
Reading specs from /usr/lib/gcc/x86_64-linux-gnu/3.4.6/specs
Configured with: ../src/configure -v --enable-languages=c,c++,f77,pascal --prefix=/usr --libexecdir=/usr/lib --with-gxx-include-dir=/usr/include/c++/3.4 --enable-shared --with-system-zlib --enable-nls --without-included-gettext --program-suffix=-3.4 --enable-__cxa_atexit --enable-clocale=gnu --enable-libstdcxx-debug x86_64-linux-gnu
Thread model: posix
gcc version 3.4.6 (Ubuntu 3.4.6-6ubuntu5)
 /usr/lib/gcc/x86_64-linux-gnu/3.4.6/f771 conftest.f -quiet -dumpbase conftest.f -mtune=k8 -auxbase conftest -g -O2 -version -o /tmp/ccDf7xOV.s
GNU F77 version 3.4.6 (Ubuntu 3.4.6-6ubuntu5) (x86_64-linux-gnu)
	compiled by GNU C version 3.4.6 (Ubuntu 3.4.6-6ubuntu5).
GGC heuristics: --param ggc-min-expand=100 --param ggc-min-heapsize=131072
 as --traditional-format -V -Qy --64 -o /tmp/cci90SFH.o /tmp/ccDf7xOV.s
GNU assembler version 2.26.1 (x86_64-linux-gnu) using BFD version (GNU Binutils for Ubuntu) 2.26.1
 /usr/lib/gcc/x86_64-linux-gnu/3.4.6/collect2 --eh-frame-hdr -m elf_x86_64 -dynamic-linker /lib64/ld-linux-x86-64.so.2 -o conftest /usr/lib/gcc/x86_64-linux-gnu/3.4.6/../../../../lib/crt1.o /usr/lib/gcc/x86_64-linux-gnu/3.4.6/../../../../lib/crti.o /usr/lib/gcc/x86_64-linux-gnu/3.4.6/crtbegin.o -L/usr/lib/gcc/x86_64-linux-gnu/3.4.6 -L/usr/lib/gcc/x86_64-linux-gnu/3.4.6 -L/usr/lib/gcc/x86_64-linux-gnu/3.4.6/../../../../lib -L/usr/lib/gcc/x86_64-linux-gnu/3.4.6/../../.. -L/lib/../lib -L/usr/lib/../lib /tmp/cci90SFH.o -lfrtbegin -lg2c -lm -lgcc_s -lgcc -lc -lgcc_s -lgcc /usr/lib/gcc/x86_64-linux-gnu/3.4.6/crtend.o /usr/lib/gcc/x86_64-linux-gnu/3.4.6/../../../../lib/crtn.o
configure:2949: result:  -L/usr/lib/gcc/x86_64-linux-gnu/3.4.6 -L/usr/lib/gcc/x86_64-linux-gnu/3.4.6/../../../../lib -L/usr/lib/gcc/x86_64-linux-gnu/3.4.6/../../.. -L/lib/../lib -L/usr/lib/../lib -lfrtbegin -lg2c -lm -lgcc_s
configure:2962: checking for strerror in -lcposix
configure:2995: cc -o conftest -g -O2   conftest.c -lcposix   >&5
/usr/bin/ld: cannot find -lcposix
collect2: error: ld returned 1 exit status
configure:2998: $? = 1
configure: failed program was:
#line 2969 "configure"
#include "confdefs.h"

/* Override any gcc2 internal prototype to avoid an error.  */
#ifdef __cplusplus
extern "C"
#endif
/* We use char because int might match the return type of a gcc2
   builtin and then its argument prototype would still apply.  */
char strerror ();
#ifdef F77_DUMMY_MAIN
#  ifdef __cplusplus
     extern "C"
#  endif
   int F77_DUMMY_MAIN() { return 1; }
#endif
int
main ()
{
strerror ();
  ;
  return 0;
}
configure:3015: result: no
configure:3024: checking for ANSI C header files
configure:3038: cc -E  conftest.c
configure:3044: $? = 0
configure:3131: cc -o conftest -g -O2   conftest.c  >&5
configure: In function 'main':
configure:3122:7: warning: implicit declaration of function 'exit' [-Wimplicit-function-declaration]
   int i;
       ^
configure:3122:7: warning: incompatible implicit declaration of built-in function 'exit'
configure:3122:7: note: include '<stdlib.h>' or provide a declaration of 'exit'
configure:3123:3: warning: incompatible implicit declaration of built-in function 'exit'
   for (i = 0; i < 256; i++)
   ^
configure:3123:3: note: include '<stdlib.h>' or provide a declaration of 'exit'
configure:3134: $? = 0
configure:3136: ./conftest
configure:3139: $? = 0
configure:3153: result: yes
configure:3204: checking for ranlib
configure:3220: found /usr/bin/ranlib
configure:3231: result: ranlib
configure:3248: checking for perl
configure:3266: found /usr/bin/perl
configure:3278: result: /usr/bin/perl
configure:3293: checking for python
configure:3311: found /usr/bin/python
configure:3323: result: /usr/bin/python
configure:3353: checking for tgetent in -ltermcap
configure:3386: cc -o conftest -g -O2   conftest.c -ltermcap   >&5
/usr/bin/ld: cannot find -ltermcap
collect2: error: ld returned 1 exit status
configure:3389: $? = 1
configure: failed program was:
#line 3360 "configure"
#include "confdefs.h"

/* Override any gcc2 internal prototype to avoid an error.  */
#ifdef __cplusplus
extern "C"
#endif
/* We use char because int might match the return type of a gcc2
   builtin and then its argument prototype would still apply.  */
char tgetent ();
#ifdef F77_DUMMY_MAIN
#  ifdef __cplusplus
     extern "C"
#  endif
   int F77_DUMMY_MAIN() { return 1; }
#endif
int
main ()
{
tgetent ();
  ;
  return 0;
}
configure:3406: result: no
configure:3411: checking for tgetent in -ltinfo
configure:3444: cc -o conftest -g -O2   conftest.c -ltinfo   >&5
/usr/bin/ld: cannot find -ltinfo
collect2: error: ld returned 1 exit status
configure:3447: $? = 1
configure: failed program was:
#line 3418 "configure"
#include "confdefs.h"

/* Override any gcc2 internal prototype to avoid an error.  */
#ifdef __cplusplus
extern "C"
#endif
/* We use char because int might match the return type of a gcc2
   builtin and then its argument prototype would still apply.  */
char tgetent ();
#ifdef F77_DUMMY_MAIN
#  ifdef __cplusplus
     extern "C"
#  endif
   int F77_DUMMY_MAIN() { return 1; }
#endif
int
main ()
{
tgetent ();
  ;
  return 0;
}
configure:3464: result: no
configure:3469: checking for tgetent in -lcurses
configure:3502: cc -o conftest -g -O2   conftest.c -lcurses   >&5
/usr/bin/ld: cannot find -lcurses
collect2: error: ld returned 1 exit status
configure:3505: $? = 1
configure: failed program was:
#line 3476 "configure"
#include "confdefs.h"

/* Override any gcc2 internal prototype to avoid an error.  */
#ifdef __cplusplus
extern "C"
#endif
/* We use char because int might match the return type of a gcc2
   builtin and then its argument prototype would still apply.  */
char tgetent ();
#ifdef F77_DUMMY_MAIN
#  ifdef __cplusplus
     extern "C"
#  endif
   int F77_DUMMY_MAIN() { return 1; }
#endif
int
main ()
{
tgetent ();
  ;
  return 0;
}
configure:3522: result: no
configure:3527: checking for tgetent in -lncurses
configure:3560: cc -o conftest -g -O2   conftest.c -lncurses   >&5
/usr/bin/ld: cannot find -lncurses
collect2: error: ld returned 1 exit status
configure:3563: $? = 1
configure: failed program was:
#line 3534 "configure"
#include "confdefs.h"

/* Override any gcc2 internal prototype to avoid an error.  */
#ifdef __cplusplus
extern "C"
#endif
/* We use char because int might match the return type of a gcc2
   builtin and then its argument prototype would still apply.  */
char tgetent ();
#ifdef F77_DUMMY_MAIN
#  ifdef __cplusplus
     extern "C"
#  endif
   int F77_DUMMY_MAIN() { return 1; }
#endif
int
main ()
{
tgetent ();
  ;
  return 0;
}
configure:3580: result: no
configure:3597: checking which library has the termcap functions
configure:3600: result: using gnutermcap
configure:3679: result: will link to PGPLOT using -L/usr/local/pgplot -lpgplot -lpng -lz -lX11
configure:3779: creating ./config.status

## ---------------------- ##
## Running config.status. ##
## ---------------------- ##

This file was extended by ifeffit config.status 1.2.2, which was
generated by GNU Autoconf 2.53.  Invocation command line was

  CONFIG_FILES    = 
  CONFIG_HEADERS  = 
  CONFIG_LINKS    = 
  CONFIG_COMMANDS = 
  $ ./config.status 

on paul-fitting-desk

config.status:625: creating src/Makefile
config.status:625: creating src/pgstub/Makefile
config.status:625: creating src/cldata/Makefile
config.status:625: creating src/fefftab/Makefile
config.status:625: creating src/lib/Makefile
config.status:625: creating src/cmdline/Makefile
config.status:625: creating src/autobk/Makefile
config.status:625: creating src/feffit/Makefile
config.status:625: creating src/diffkk/Makefile
config.status:625: creating src/test/Makefile
config.status:625: creating src/feff6/Makefile
config.status:625: creating Makefile
config.status:729: creating config.h
config.status:816: config.h is unchanged
config.status:917: executing depfiles commands
configure:4964: configuring in readline
configure:5043: running /bin/bash './configure' --prefix=/usr/local  --cache-file=/dev/null --srcdir=.
configure:5060: result: ===
configure:5062: result: ===  ifeffit 1.2.5 Configuration Results:
configure:5065: result: ===  linking to PGPLOT with: -L/usr/local/pgplot -lpgplot -lpng -lz -lX11
configure:5072: result: ===
configure:5074: result: ===  ready for next step: type 'make' then 'make install'

## ---------------- ##
## Cache variables. ##
## ---------------- ##

ac_cv_c_compiler_gnu=yes
ac_cv_env_CC_set=
ac_cv_env_CC_value=
ac_cv_env_CFLAGS_set=
ac_cv_env_CFLAGS_value=
ac_cv_env_CPPFLAGS_set=
ac_cv_env_CPPFLAGS_value=
ac_cv_env_CPP_set=
ac_cv_env_CPP_value=
ac_cv_env_F77_set=
ac_cv_env_F77_value=
ac_cv_env_FFLAGS_set=
ac_cv_env_FFLAGS_value=
ac_cv_env_LDFLAGS_set=
ac_cv_env_LDFLAGS_value=
ac_cv_env_build_alias_set=
ac_cv_env_build_alias_value=
ac_cv_env_host_alias_set=
ac_cv_env_host_alias_value=
ac_cv_env_target_alias_set=
ac_cv_env_target_alias_value=
ac_cv_exeext=
ac_cv_f77_compiler_gnu=yes
ac_cv_flibs=' -L/usr/lib/gcc/x86_64-linux-gnu/3.4.6 -L/usr/lib/gcc/x86_64-linux-gnu/3.4.6/../../../../lib -L/usr/lib/gcc/x86_64-linux-gnu/3.4.6/../../.. -L/lib/../lib -L/usr/lib/../lib -lfrtbegin -lg2c -lm -lgcc_s'
ac_cv_header_stdc=yes
ac_cv_lib_cposix_strerror=no
ac_cv_lib_curses_tgetent=no
ac_cv_lib_ncurses_tgetent=no
ac_cv_lib_termcap_tgetent=no
ac_cv_lib_tinfo_tgetent=no
ac_cv_objext=o
ac_cv_path_PERL=/usr/bin/perl
ac_cv_path_PYTHON=/usr/bin/python
ac_cv_path_install='/usr/bin/install -c'
ac_cv_prog_AWK=mawk
ac_cv_prog_CPP='cc -E'
ac_cv_prog_ac_ct_CC=cc
ac_cv_prog_ac_ct_F77=g77
ac_cv_prog_ac_ct_RANLIB=ranlib
ac_cv_prog_cc_g=yes
ac_cv_prog_f77_g=yes
ac_cv_prog_f77_v=-v
ac_cv_prog_make_make_set=yes
am_cv_CC_dependencies_compiler_type=none
bash_cv_termcap_lib=gnutermcap

## ----------- ##
## confdefs.h. ##
## ----------- ##

#define PACKAGE_NAME "ifeffit"
#define PACKAGE_TARNAME "ifeffit"
#define PACKAGE_VERSION "1.2.2"
#define PACKAGE_STRING "ifeffit 1.2.2"
#define PACKAGE_BUGREPORT "newville@cars.uchicago.edu"
#define PACKAGE "ifeffit"
#define VERSION "1.2.2"
#define STDC_HEADERS 1

configure: exit 0
